<?xml version="1.0" encoding="UTF-8"?>
<!-- Generated by org.testng.reporters.JUnitReportReporter -->
<testsuite hostname="GbnairLapXPS" failures="0" tests="1" name="testscripts.TC01_Test" time="8.676" errors="0" timestamp="2024-04-12T16:33:16 CDT" skipped="0">
  <testcase classname="testscripts.TC01_Test" name="addToCartTestCase" time="8.676"/>
  <system-out/>
</testsuite> <!-- testscripts.TC01_Test -->
