<?xml version="1.0" encoding="UTF-8"?>
<!-- Generated by org.testng.reporters.JUnitReportReporter -->
<testsuite hostname="GbnairLapXPS" failures="0" tests="1" name="testscripts.Verify_If_Mens_link_isclickable" time="7.931" errors="0" timestamp="2024-04-18T14:01:29 CDT" skipped="0">
  <testcase classname="testscripts.Verify_If_Mens_link_isclickable" name="wishListTestCase" time="7.931"/>
  <system-out/>
</testsuite> <!-- testscripts.Verify_If_Mens_link_isclickable -->
